<html>
<head>
<title>TestNG:  Nopackage</title>
<link href="../testng.css" rel="stylesheet" type="text/css" />
<link href="../my-testng.css" rel="stylesheet" type="text/css" />

<style type="text/css">
.log { display: none;} 
.stack-trace { display: none;} 
</style>
<script type="text/javascript">
<!--
function flip(e) {
  current = e.style.display;
  if (current == 'block') {
    e.style.display = 'none';
    return 0;
  }
  else {
    e.style.display = 'block';
    return 1;
  }
}

function toggleBox(szDivId, elem, msg1, msg2)
{
  var res = -1;  if (document.getElementById) {
    res = flip(document.getElementById(szDivId));
  }
  else if (document.all) {
    // this is the way old msie versions work
    res = flip(document.all[szDivId]);
  }
  if(elem) {
    if(res == 0) elem.innerHTML = msg1; else elem.innerHTML = msg2;
  }

}

function toggleAllBoxes() {
  if (document.getElementsByTagName) {
    d = document.getElementsByTagName('div');
    for (i = 0; i < d.length; i++) {
      if (d[i].className == 'log') {
        flip(d[i]);
      }
    }
  }
}

// -->
</script>

</head>
<body>
<h2 align='center'>Nopackage</h2><table border='1' align="center">
<tr>
<td>Tests passed/Failed/Skipped:</td><td>0/2/0</td>
</tr><tr>
<td>Started on:</td><td>Sat Aug 27 17:18:43 EDT 2022</td>
</tr>
<tr><td>Total time:</td><td>33 seconds (33879 ms)</td>
</tr><tr>
<td>Included groups:</td><td></td>
</tr><tr>
<td>Excluded groups:</td><td></td>
</tr>
</table><p/>
<small><i>(Hover the method name to see the test class name)</i></small><p/>
<table width='100%' border='1' class='invocation-failed'>
<tr><td colspan='4' align='center'><b>FAILED TESTS</b></td></tr>
<tr><td><b>Test method</b></td>
<td width="30%"><b>Exception</b></td>
<td width="10%"><b>Time (seconds)</b></td>
<td><b>Instance</b></td>
</tr>
<tr>
<td title='com.careerhack.runners.TestRunner.runScenario()'><b>runScenario</b><br>Test class: com.careerhack.runners.TestRunner<br>Test method: Runs Cucumber Scenarios<br>Parameters: "simple search", "Google search"</td>
<td><div><pre>java.lang.AssertionError: expected [About 720,000,000 results (0.46 seconds] but found [About 729,000,000 results (0.45 seconds) ]
	at com.careerhack.steps.GoogleSearch.i_receive_relevant_results(GoogleSearch.java:78)
	at ✽.I receive relevant results(file:///Users/sudiptachowdhury/eclipse-workspace/JuneSessionQAF/Features/Googlesearch.feature:9)
... Removed 5 stack frames</pre></div><a href='#' onClick='toggleBox("stack-trace1193710204", this, "Click to show all stack frames", "Click to hide stack frames")'>Click to show all stack frames</a>
<div class='stack-trace' id='stack-trace1193710204'><pre>java.lang.AssertionError: expected [About 720,000,000 results (0.46 seconds] but found [About 729,000,000 results (0.45 seconds) ]
	at org.testng.Assert.fail(Assert.java:97)
	at org.testng.Assert.assertEqualsImpl(Assert.java:136)
	at org.testng.Assert.assertEquals(Assert.java:118)
	at org.testng.Assert.assertEquals(Assert.java:575)
	at org.testng.Assert.assertEquals(Assert.java:585)
	at com.careerhack.steps.GoogleSearch.i_receive_relevant_results(GoogleSearch.java:78)
	at ✽.I receive relevant results(file:///Users/sudiptachowdhury/eclipse-workspace/JuneSessionQAF/Features/Googlesearch.feature:9)
</pre></div></td>
<td>19</td>
<td>com.careerhack.runners.TestRunner@4d910fd6</td></tr>
<tr>
<td title='com.careerhack.runners.TestRunner.runScenario()'><b>runScenario</b><br>Test class: com.careerhack.runners.TestRunner<br>Test method: Runs Cucumber Scenarios<br>Parameters: "simple search", "Google search"</td>
<td><div><pre>java.lang.AssertionError: expected [Quality Assurance - Google Search] but found [Software Testing - Google Search]
	at com.careerhack.steps.GoogleSearch.i_receive_relevant_results(GoogleSearch.java:71)
	at ✽.I receive relevant results(file:///Users/sudiptachowdhury/eclipse-workspace/JuneSessionQAF/Features/Googlesearch.feature:9)
... Removed 5 stack frames</pre></div><a href='#' onClick='toggleBox("stack-trace749362556", this, "Click to show all stack frames", "Click to hide stack frames")'>Click to show all stack frames</a>
<div class='stack-trace' id='stack-trace749362556'><pre>java.lang.AssertionError: expected [Quality Assurance - Google Search] but found [Software Testing - Google Search]
	at org.testng.Assert.fail(Assert.java:97)
	at org.testng.Assert.assertEqualsImpl(Assert.java:136)
	at org.testng.Assert.assertEquals(Assert.java:118)
	at org.testng.Assert.assertEquals(Assert.java:575)
	at org.testng.Assert.assertEquals(Assert.java:585)
	at com.careerhack.steps.GoogleSearch.i_receive_relevant_results(GoogleSearch.java:71)
	at ✽.I receive relevant results(file:///Users/sudiptachowdhury/eclipse-workspace/JuneSessionQAF/Features/Googlesearch.feature:9)
</pre></div></td>
<td>13</td>
<td>com.careerhack.runners.TestRunner@4d910fd6</td></tr>
</table><p>
</body>
</html>