<?xml version="1.0" encoding="UTF-8"?>
<!-- Generated by org.testng.reporters.JUnitXMLReporter -->
<testsuite ignored="0" hostname="Sudiptas-MacBook-Air.local" failures="2" tests="2" name="Nopackage" time="33.879" errors="0" timestamp="2022-08-27T17:19:17 EDT">
  <testcase classname="io.cucumber.testng.AbstractTestNGCucumberTests" name="runScenario" time="19.702">
    <failure type="java.lang.AssertionError" message="expected [About 720,000,000 results (0.46 seconds] but found [About 729,000,000 results (0.45 seconds) ]">
      <![CDATA[java.lang.AssertionError: expected [About 720,000,000 results (0.46 seconds] but found [About 729,000,000 results (0.45 seconds) ]
at com.careerhack.steps.GoogleSearch.i_receive_relevant_results(GoogleSearch.java:78)
at ✽.I receive relevant results(file:///Users/sudiptachowdhury/eclipse-workspace/JuneSessionQAF/Features/Googlesearch.feature:9)
... Removed 5 stack frames]]>
    </failure>
  </testcase> <!-- runScenario -->
  <testcase classname="io.cucumber.testng.AbstractTestNGCucumberTests" name="runScenario" time="13.791">
    <failure type="java.lang.AssertionError" message="expected [Quality Assurance - Google Search] but found [Software Testing - Google Search]">
      <![CDATA[java.lang.AssertionError: expected [Quality Assurance - Google Search] but found [Software Testing - Google Search]
at com.careerhack.steps.GoogleSearch.i_receive_relevant_results(GoogleSearch.java:71)
at ✽.I receive relevant results(file:///Users/sudiptachowdhury/eclipse-workspace/JuneSessionQAF/Features/Googlesearch.feature:9)
... Removed 5 stack frames]]>
    </failure>
  </testcase> <!-- runScenario -->
</testsuite> <!-- Nopackage -->
