<?xml version="1.0" encoding="UTF-8"?>
<!-- Generated by org.testng.reporters.JUnitReportReporter -->
<testsuite hostname="Sudiptas-MacBook-Air.local" failures="2" tests="2" name="com.careerhack.runners.TestRunner" time="33.493" errors="0" timestamp="2022-08-27T17:19:17 EDT" skipped="0">
  <testcase classname="com.careerhack.runners.TestRunner" name="runScenario" time="13.791">
    <failure message="expected [Quality Assurance - Google Search] but found [Software Testing - Google Search]" type="java.lang.AssertionError">
      <![CDATA[java.lang.AssertionError: expected [Quality Assurance - Google Search] but found [Software Testing - Google Search]
at org.testng.Assert.fail(Assert.java:97)
at org.testng.Assert.assertEqualsImpl(Assert.java:136)
at org.testng.Assert.assertEquals(Assert.java:118)
at org.testng.Assert.assertEquals(Assert.java:575)
at org.testng.Assert.assertEquals(Assert.java:585)
at com.careerhack.steps.GoogleSearch.i_receive_relevant_results(GoogleSearch.java:71)
at ✽.I receive relevant results(file:///Users/sudiptachowdhury/eclipse-workspace/JuneSessionQAF/Features/Googlesearch.feature:9)
]]>
    </failure>
  </testcase> <!-- runScenario -->
  <system-out/>
  <testcase classname="com.careerhack.runners.TestRunner" name="runScenario" time="19.702">
    <failure message="expected [About 720,000,000 results (0.46 seconds] but found [About 729,000,000 results (0.45 seconds) ]" type="java.lang.AssertionError">
      <![CDATA[java.lang.AssertionError: expected [About 720,000,000 results (0.46 seconds] but found [About 729,000,000 results (0.45 seconds) ]
at org.testng.Assert.fail(Assert.java:97)
at org.testng.Assert.assertEqualsImpl(Assert.java:136)
at org.testng.Assert.assertEquals(Assert.java:118)
at org.testng.Assert.assertEquals(Assert.java:575)
at org.testng.Assert.assertEquals(Assert.java:585)
at com.careerhack.steps.GoogleSearch.i_receive_relevant_results(GoogleSearch.java:78)
at ✽.I receive relevant results(file:///Users/sudiptachowdhury/eclipse-workspace/JuneSessionQAF/Features/Googlesearch.feature:9)
]]>
    </failure>
  </testcase> <!-- runScenario -->
  <system-out/>
</testsuite> <!-- com.careerhack.runners.TestRunner -->
